warning: Git tree '/home/jkoskie/nixos' is dirty
building the system configuration...
warning: Git tree '/home/jkoskie/nixos' is dirty
trace: evaluation warning: The option `hardware.opengl.extraPackages' defined in `/nix/store/dh47a91706yjygywfi29bp1qxxqfj6zz-source/modules/nixos/apps.nix' has been renamed to `hardware.graphics.extraPackages'.
trace: evaluation warning: The option `hardware.opengl.driSupport32Bit' defined in `/nix/store/dh47a91706yjygywfi29bp1qxxqfj6zz-source/modules/nixos/apps.nix' has been renamed to `hardware.graphics.enable32Bit'.
trace: evaluation warning: The option `hardware.opengl.enable' defined in `/nix/store/dh47a91706yjygywfi29bp1qxxqfj6zz-source/modules/nixos/apps.nix' has been renamed to `hardware.graphics.enable'.
these 11 derivations will be built:
  /nix/store/f2vmah8dsg1ldhx6bwg49zmrarsgacpy-0xProto.tar.xz.drv
  /nix/store/s0p1djsdasygkdqayjylygd9r5cdg4l9-nerdfonts-3.2.1.drv
  /nix/store/cz1h2l68hacjxxpablazpiz5spklwfjm-xserver.conf.drv
  /nix/store/1f5ii75ds4n61r2wq9l9h3m4pbn28n9i-unit-display-manager.service.drv
  /nix/store/16lbqg93r4cwalfqz03nisr3mg84kzdx-system-units.drv
  /nix/store/kbqzmwb6clg48h9pinh0ar4lzznc13gx-fc-cache.drv
  /nix/store/fbwgi444iy73gbgq3ssvvhcgh6ca2znr-fc-00-nixos-cache.conf.drv
  /nix/store/imjfck1i408h3wclybh1yg1fqj3n63dn-fontconfig-conf.drv
  /nix/store/2lbvyjzi8g36jgsmbkj9mngbcqq4rfbm-fontconfig-etc.drv
  /nix/store/gvnllhn5nslc6xg63bg5kcs9xv1srp1q-etc.drv
  /nix/store/wyd7yhwl95zkxkkwagrcq0iak9370x9s-nixos-system-nixos-24.11.20240831.12228ff.drv
building '/nix/store/f2vmah8dsg1ldhx6bwg49zmrarsgacpy-0xProto.tar.xz.drv'...
building '/nix/store/s0p1djsdasygkdqayjylygd9r5cdg4l9-nerdfonts-3.2.1.drv'...
building '/nix/store/kbqzmwb6clg48h9pinh0ar4lzznc13gx-fc-cache.drv'...
building '/nix/store/cz1h2l68hacjxxpablazpiz5spklwfjm-xserver.conf.drv'...
building '/nix/store/1f5ii75ds4n61r2wq9l9h3m4pbn28n9i-unit-display-manager.service.drv'...
building '/nix/store/16lbqg93r4cwalfqz03nisr3mg84kzdx-system-units.drv'...
building '/nix/store/fbwgi444iy73gbgq3ssvvhcgh6ca2znr-fc-00-nixos-cache.conf.drv'...
building '/nix/store/imjfck1i408h3wclybh1yg1fqj3n63dn-fontconfig-conf.drv'...
building '/nix/store/2lbvyjzi8g36jgsmbkj9mngbcqq4rfbm-fontconfig-etc.drv'...
building '/nix/store/gvnllhn5nslc6xg63bg5kcs9xv1srp1q-etc.drv'...
building '/nix/store/wyd7yhwl95zkxkkwagrcq0iak9370x9s-nixos-system-nixos-24.11.20240831.12228ff.drv'...
NOT restarting the following changed units: display-manager.service
activating the configuration...
setting up /etc...
reloading user units for jkoskie...
restarting sysinit-reactivation.target
